0 info it worked if it ends with ok
1 verbose cli [ '/home/ubuntu/.nvm/versions/node/v4.1.1/bin/node',
1 verbose cli   '/home/ubuntu/.nvm/versions/node/v4.1.1/bin/npm',
1 verbose cli   'install',
1 verbose cli   'beautifulsoup4' ]
2 info using npm@2.14.4
3 info using node@v4.1.1
4 verbose install initial load of /home/ubuntu/workspace/package.json
5 warn package.json chat-example@0.0.0 No repository field.
6 warn package.json chat-example@0.0.0 No license field.
7 verbose installManyTop reading scoped package data from /home/ubuntu/workspace/node_modules/async/package.json
8 verbose installManyTop reading scoped package data from /home/ubuntu/workspace/node_modules/express/package.json
9 verbose installManyTop reading scoped package data from /home/ubuntu/workspace/node_modules/mongodb/package.json
10 verbose installManyTop reading scoped package data from /home/ubuntu/workspace/node_modules/mongoose/package.json
11 verbose installManyTop reading scoped package data from /home/ubuntu/workspace/node_modules/socket.io/package.json
12 info package.json async@0.2.10 No license field.
13 info package.json express@3.2.6 No license field.
14 info package.json socket.io@0.9.17 No license field.
15 verbose readDependencies loading dependencies from /home/ubuntu/workspace/package.json
16 silly cache add args [ 'beautifulsoup4', null ]
17 verbose cache add spec beautifulsoup4
18 silly cache add parsed spec Result {
18 silly cache add   raw: 'beautifulsoup4',
18 silly cache add   scope: null,
18 silly cache add   name: 'beautifulsoup4',
18 silly cache add   rawSpec: '',
18 silly cache add   spec: '*',
18 silly cache add   type: 'range' }
19 silly addNamed beautifulsoup4@*
20 verbose addNamed "*" is a valid semver range for beautifulsoup4
21 silly addNameRange { name: 'beautifulsoup4', range: '*', hasData: false }
22 silly mapToRegistry name beautifulsoup4
23 silly mapToRegistry using default registry
24 silly mapToRegistry registry https://registry.npmjs.org/
25 silly mapToRegistry uri https://registry.npmjs.org/beautifulsoup4
26 verbose addNameRange registry:https://registry.npmjs.org/beautifulsoup4 not in flight; fetching
27 verbose request uri https://registry.npmjs.org/beautifulsoup4
28 verbose request no auth needed
29 info attempt registry request try #1 at 1:56:51 AM
30 verbose request id 164ac16a40773a0d
31 http request GET https://registry.npmjs.org/beautifulsoup4
32 http 404 https://registry.npmjs.org/beautifulsoup4
33 verbose headers { 'content-type': 'application/json',
33 verbose headers   'cache-control': 'max-age=0',
33 verbose headers   'content-length': '2',
33 verbose headers   'accept-ranges': 'bytes',
33 verbose headers   date: 'Mon, 02 Nov 2015 01:56:51 GMT',
33 verbose headers   via: '1.1 varnish',
33 verbose headers   age: '0',
33 verbose headers   connection: 'keep-alive',
33 verbose headers   'x-served-by': 'cache-ord1726-ORD',
33 verbose headers   'x-cache': 'MISS',
33 verbose headers   'x-cache-hits': '0',
33 verbose headers   'x-timer': 'S1446429411.361823,VS0,VE157' }
34 silly get cb [ 404,
34 silly get   { 'content-type': 'application/json',
34 silly get     'cache-control': 'max-age=0',
34 silly get     'content-length': '2',
34 silly get     'accept-ranges': 'bytes',
34 silly get     date: 'Mon, 02 Nov 2015 01:56:51 GMT',
34 silly get     via: '1.1 varnish',
34 silly get     age: '0',
34 silly get     connection: 'keep-alive',
34 silly get     'x-served-by': 'cache-ord1726-ORD',
34 silly get     'x-cache': 'MISS',
34 silly get     'x-cache-hits': '0',
34 silly get     'x-timer': 'S1446429411.361823,VS0,VE157' } ]
35 verbose stack Error: Registry returned 404 for GET on https://registry.npmjs.org/beautifulsoup4
35 verbose stack     at makeError (/home/ubuntu/.nvm/versions/node/v4.1.1/lib/node_modules/npm/node_modules/npm-registry-client/lib/request.js:263:12)
35 verbose stack     at CachingRegistryClient.<anonymous> (/home/ubuntu/.nvm/versions/node/v4.1.1/lib/node_modules/npm/node_modules/npm-registry-client/lib/request.js:241:14)
35 verbose stack     at Request._callback (/home/ubuntu/.nvm/versions/node/v4.1.1/lib/node_modules/npm/node_modules/npm-registry-client/lib/request.js:171:14)
35 verbose stack     at Request.self.callback (/home/ubuntu/.nvm/versions/node/v4.1.1/lib/node_modules/npm/node_modules/request/request.js:198:22)
35 verbose stack     at emitTwo (events.js:87:13)
35 verbose stack     at Request.emit (events.js:172:7)
35 verbose stack     at Request.<anonymous> (/home/ubuntu/.nvm/versions/node/v4.1.1/lib/node_modules/npm/node_modules/request/request.js:1073:14)
35 verbose stack     at emitOne (events.js:82:20)
35 verbose stack     at Request.emit (events.js:169:7)
35 verbose stack     at IncomingMessage.<anonymous> (/home/ubuntu/.nvm/versions/node/v4.1.1/lib/node_modules/npm/node_modules/request/request.js:1019:12)
36 verbose statusCode 404
37 verbose pkgid beautifulsoup4
38 verbose cwd /home/ubuntu/workspace
39 error Linux 3.14.13-c9
40 error argv "/home/ubuntu/.nvm/versions/node/v4.1.1/bin/node" "/home/ubuntu/.nvm/versions/node/v4.1.1/bin/npm" "install" "beautifulsoup4"
41 error node v4.1.1
42 error npm  v2.14.4
43 error code E404
44 error 404 Registry returned 404 for GET on https://registry.npmjs.org/beautifulsoup4
44 error 404
44 error 404 'beautifulsoup4' is not in the npm registry.
44 error 404 You should bug the author to publish it (or use the name yourself!)
44 error 404 It was specified as a dependency of 'chat-example'
44 error 404
44 error 404 Note that you can also install from a
44 error 404 tarball, folder, http url, or git url.
45 verbose exit [ 1, true ]
